# JRE version: OpenJDK Runtime Environment (17.0.7) (build 17.0.7+0-b2043.56-10550314)
# Java VM: OpenJDK 64-Bit Server VM (17.0.7+0-b2043.56-10550314, mixed mode, tiered, compressed oops, compressed class ptrs, g1 gc, windows-amd64)
GC Precious Log:
 CPUs: 12 total, 12 available
 Memory: 16085M
 Large Page Support: Disabled
 NUMA Support: Disabled
 Compressed Oops: Enabled (Zero based)
 Heap Region Size: 2M
 Heap Min Capacity: 8M
 Heap Initial Capacity: 252M
 Heap Max Capacity: 4022M
 Pre-touch: Disabled
 Parallel Workers: 10
 Concurrent Workers: 3
 Concurrent Refinement Workers: 10
 Periodic GC: Disabled
Heap:
 garbage-first heap   total 122880K, used 49957K [0x0000000704a00000, 0x0000000800000000)
  region size 2048K, 4 young (8192K), 4 survivors (8192K)
 Metaspace       used 57949K, committed 58176K, reserved 1114112K
  class space    used 6793K, committed 6912K, reserved 1048576K
GC Heap History (20 events):
Event: 0.421 GC heap after
{Heap after GC invocations=1 (full 0):
 garbage-first heap   total 258048K, used 6623K [0x0000000704a00000, 0x0000000800000000)
  region size 2048K, 2 young (4096K), 2 survivors (4096K)
 Metaspace       used 12904K, committed 12992K, reserved 1114112K
  class space    used 1235K, committed 1280K, reserved 1048576K
}
Event: 0.901 GC heap before
{Heap before GC invocations=1 (full 0):
 garbage-first heap   total 258048K, used 41439K [0x0000000704a00000, 0x0000000800000000)
  region size 2048K, 20 young (40960K), 2 survivors (4096K)
 Metaspace       used 21354K, committed 21504K, reserved 1114112K
  class space    used 2347K, committed 2432K, reserved 1048576K
}
Event: 0.905 GC heap after
{Heap after GC invocations=2 (full 0):
 garbage-first heap   total 258048K, used 8192K [0x0000000704a00000, 0x0000000800000000)
  region size 2048K, 2 young (4096K), 2 survivors (4096K)
 Metaspace       used 21354K, committed 21504K, reserved 1114112K
  class space    used 2347K, committed 2432K, reserved 1048576K
}
Event: 1.148 GC heap before
{Heap before GC invocations=3 (full 0):
 garbage-first heap   total 34816K, used 24576K [0x0000000704a00000, 0x0000000800000000)
  region size 2048K, 11 young (22528K), 2 survivors (4096K)
 Metaspace       used 26531K, committed 26688K, reserved 1114112K
  class space    used 3015K, committed 3072K, reserved 1048576K
}
Event: 1.152 GC heap after
{Heap after GC invocations=4 (full 0):
 garbage-first heap   total 34816K, used 9297K [0x0000000704a00000, 0x0000000800000000)
  region size 2048K, 3 young (6144K), 3 survivors (6144K)
 Metaspace       used 26531K, committed 26688K, reserved 1114112K
  class space    used 3015K, committed 3072K, reserved 1048576K
}
Event: 1.326 GC heap before
{Heap before GC invocations=4 (full 0):
 garbage-first heap   total 34816K, used 23633K [0x0000000704a00000, 0x0000000800000000)
  region size 2048K, 10 young (20480K), 3 survivors (6144K)
 Metaspace       used 29238K, committed 29504K, reserved 1114112K
  class space    used 3622K, committed 3712K, reserved 1048576K
}
Event: 1.332 GC heap after
{Heap after GC invocations=5 (full 0):
 garbage-first heap   total 34816K, used 11661K [0x0000000704a00000, 0x0000000800000000)
  region size 2048K, 2 young (4096K), 2 survivors (4096K)
 Metaspace       used 29238K, committed 29504K, reserved 1114112K
  class space    used 3622K, committed 3712K, reserved 1048576K
}
Event: 1.396 GC heap before
{Heap before GC invocations=5 (full 0):
 garbage-first heap   total 34816K, used 23949K [0x0000000704a00000, 0x0000000800000000)
  region size 2048K, 8 young (16384K), 2 survivors (4096K)
 Metaspace       used 29392K, committed 29632K, reserved 1114112K
  class space    used 3622K, committed 3712K, reserved 1048576K
}
Event: 1.403 GC heap after
{Heap after GC invocations=6 (full 0):
 garbage-first heap   total 34816K, used 17241K [0x0000000704a00000, 0x0000000800000000)
  region size 2048K, 1 young (2048K), 1 survivors (2048K)
 Metaspace       used 29392K, committed 29632K, reserved 1114112K
  class space    used 3622K, committed 3712K, reserved 1048576K
}
Event: 1.500 GC heap before
{Heap before GC invocations=6 (full 0):
 garbage-first heap   total 34816K, used 23385K [0x0000000704a00000, 0x0000000800000000)
  region size 2048K, 4 young (8192K), 1 survivors (2048K)
 Metaspace       used 30747K, committed 31040K, reserved 1114112K
  class space    used 3979K, committed 4096K, reserved 1048576K
}
Event: 1.505 GC heap after
{Heap after GC invocations=7 (full 0):
 garbage-first heap   total 34816K, used 18791K [0x0000000704a00000, 0x0000000800000000)
  region size 2048K, 1 young (2048K), 1 survivors (2048K)
 Metaspace       used 30747K, committed 31040K, reserved 1114112K
  class space    used 3979K, committed 4096K, reserved 1048576K
}
Event: 1.557 GC heap before
{Heap before GC invocations=8 (full 0):
 garbage-first heap   total 38912K, used 22887K [0x0000000704a00000, 0x0000000800000000)
  region size 2048K, 3 young (6144K), 1 survivors (2048K)
 Metaspace       used 31927K, committed 32128K, reserved 1114112K
  class space    used 4132K, committed 4224K, reserved 1048576K
}
Event: 1.559 GC heap after
{Heap after GC invocations=9 (full 0):
 garbage-first heap   total 149504K, used 18989K [0x0000000704a00000, 0x0000000800000000)
  region size 2048K, 1 young (2048K), 1 survivors (2048K)
 Metaspace       used 31927K, committed 32128K, reserved 1114112K
  class space    used 4132K, committed 4224K, reserved 1048576K
}
Event: 2.669 GC heap before
{Heap before GC invocations=9 (full 0):
 garbage-first heap   total 149504K, used 96813K [0x0000000704a00000, 0x0000000800000000)
  region size 2048K, 38 young (77824K), 1 survivors (2048K)
 Metaspace       used 47702K, committed 47872K, reserved 1114112K
  class space    used 5831K, committed 5888K, reserved 1048576K
}
Event: 2.681 GC heap after
{Heap after GC invocations=10 (full 0):
 garbage-first heap   total 149504K, used 27197K [0x0000000704a00000, 0x0000000800000000)
  region size 2048K, 5 young (10240K), 5 survivors (10240K)
 Metaspace       used 47702K, committed 47872K, reserved 1114112K
  class space    used 5831K, committed 5888K, reserved 1048576K
}
Event: 3.300 GC heap before
{Heap before GC invocations=10 (full 0):
 garbage-first heap   total 149504K, used 88637K [0x0000000704a00000, 0x0000000800000000)
  region size 2048K, 36 young (73728K), 5 survivors (10240K)
 Metaspace       used 51609K, committed 51776K, reserved 1114112K
  class space    used 6240K, committed 6336K, reserved 1048576K
}
Event: 3.316 GC heap after
{Heap after GC invocations=11 (full 0):
 garbage-first heap   total 149504K, used 32361K [0x0000000704a00000, 0x0000000800000000)
  region size 2048K, 3 young (6144K), 3 survivors (6144K)
 Metaspace       used 51609K, committed 51776K, reserved 1114112K
  class space    used 6240K, committed 6336K, reserved 1048576K
}
Event: 4.801 GC heap before
{Heap before GC invocations=12 (full 0):
 garbage-first heap   total 122880K, used 97897K [0x0000000704a00000, 0x0000000800000000)
  region size 2048K, 36 young (73728K), 3 survivors (6144K)
 Metaspace       used 54984K, committed 55232K, reserved 1114112K
  class space    used 6522K, committed 6592K, reserved 1048576K
}
Event: 4.835 GC heap after
{Heap after GC invocations=13 (full 0):
 garbage-first heap   total 122880K, used 42498K [0x0000000704a00000, 0x0000000800000000)
  region size 2048K, 5 young (10240K), 5 survivors (10240K)
 Metaspace       used 54984K, committed 55232K, reserved 1114112K
  class space    used 6522K, committed 6592K, reserved 1048576K
}
Event: 6.147 GC heap before
{Heap before GC invocations=13 (full 0):
 garbage-first heap   total 122880K, used 89602K [0x0000000704a00000, 0x0000000800000000)
  region size 2048K, 28 young (57344K), 5 survivors (10240K)
 Metaspace       used 57949K, committed 58176K, reserved 1114112K
  class space    used 6793K, committed 6912K, reserved 1048576K
}

