# JRE version: OpenJDK Runtime Environment (17.0.7) (build 17.0.7+0-b2043.56-10550314)
# Java VM: OpenJDK 64-Bit Server VM (17.0.7+0-b2043.56-10550314, mixed mode, tiered, compressed oops, compressed class ptrs, g1 gc, windows-amd64)
GC Precious Log:
 CPUs: 12 total, 12 available
 Memory: 16085M
 Large Page Support: Disabled
 NUMA Support: Disabled
 Compressed Oops: Enabled (Zero based)
 Heap Region Size: 2M
 Heap Min Capacity: 8M
 Heap Initial Capacity: 252M
 Heap Max Capacity: 4022M
 Pre-touch: Disabled
 Parallel Workers: 10
 Concurrent Workers: 3
 Concurrent Refinement Workers: 10
 Periodic GC: Disabled
Heap:
 garbage-first heap   total 167936K, used 113242K [0x0000000704a00000, 0x0000000800000000)
  region size 2048K, 31 young (63488K), 1 survivors (2048K)
 Metaspace       used 67551K, committed 67840K, reserved 1114112K
  class space    used 7579K, committed 7744K, reserved 1048576K
GC Heap History (20 events):
Event: 1.625 GC heap before
{Heap before GC invocations=5 (full 0):
 garbage-first heap   total 40960K, used 26278K [0x0000000704a00000, 0x0000000800000000)
  region size 2048K, 8 young (16384K), 2 survivors (4096K)
 Metaspace       used 31339K, committed 31552K, reserved 1114112K
  class space    used 4058K, committed 4160K, reserved 1048576K
}
Event: 1.633 GC heap after
{Heap after GC invocations=6 (full 0):
 garbage-first heap   total 40960K, used 18417K [0x0000000704a00000, 0x0000000800000000)
  region size 2048K, 1 young (2048K), 1 survivors (2048K)
 Metaspace       used 31339K, committed 31552K, reserved 1114112K
  class space    used 4058K, committed 4160K, reserved 1048576K
}
Event: 1.752 GC heap before
{Heap before GC invocations=6 (full 0):
 garbage-first heap   total 40960K, used 28657K [0x0000000704a00000, 0x0000000800000000)
  region size 2048K, 6 young (12288K), 1 survivors (2048K)
 Metaspace       used 34136K, committed 34368K, reserved 1114112K
  class space    used 4361K, committed 4480K, reserved 1048576K
}
Event: 1.756 GC heap after
{Heap after GC invocations=7 (full 0):
 garbage-first heap   total 149504K, used 19679K [0x0000000704a00000, 0x0000000800000000)
  region size 2048K, 1 young (2048K), 1 survivors (2048K)
 Metaspace       used 34136K, committed 34368K, reserved 1114112K
  class space    used 4361K, committed 4480K, reserved 1048576K
}
Event: 1.856 GC heap before
{Heap before GC invocations=7 (full 0):
 garbage-first heap   total 149504K, used 29919K [0x0000000704a00000, 0x0000000800000000)
  region size 2048K, 7 young (14336K), 1 survivors (2048K)
 Metaspace       used 35742K, committed 35968K, reserved 1114112K
  class space    used 4538K, committed 4672K, reserved 1048576K
}
Event: 1.858 GC heap after
{Heap after GC invocations=8 (full 0):
 garbage-first heap   total 149504K, used 18432K [0x0000000704a00000, 0x0000000800000000)
  region size 2048K, 1 young (2048K), 1 survivors (2048K)
 Metaspace       used 35742K, committed 35968K, reserved 1114112K
  class space    used 4538K, committed 4672K, reserved 1048576K
}
Event: 2.379 GC heap before
{Heap before GC invocations=9 (full 0):
 garbage-first heap   total 69632K, used 57344K [0x0000000704a00000, 0x0000000800000000)
  region size 2048K, 20 young (40960K), 1 survivors (2048K)
 Metaspace       used 44349K, committed 44544K, reserved 1114112K
  class space    used 5428K, committed 5504K, reserved 1048576K
}
Event: 2.385 GC heap after
{Heap after GC invocations=10 (full 0):
 garbage-first heap   total 69632K, used 21918K [0x0000000704a00000, 0x0000000800000000)
  region size 2048K, 3 young (6144K), 3 survivors (6144K)
 Metaspace       used 44349K, committed 44544K, reserved 1114112K
  class space    used 5428K, committed 5504K, reserved 1048576K
}
Event: 2.400 GC heap before
{Heap before GC invocations=10 (full 0):
 garbage-first heap   total 69632K, used 21918K [0x0000000704a00000, 0x0000000800000000)
  region size 2048K, 4 young (8192K), 3 survivors (6144K)
 Metaspace       used 44512K, committed 44736K, reserved 1114112K
  class space    used 5448K, committed 5568K, reserved 1048576K
}
Event: 2.408 GC heap after
{Heap after GC invocations=11 (full 0):
 garbage-first heap   total 69632K, used 22499K [0x0000000704a00000, 0x0000000800000000)
  region size 2048K, 1 young (2048K), 1 survivors (2048K)
 Metaspace       used 44512K, committed 44736K, reserved 1114112K
  class space    used 5448K, committed 5568K, reserved 1048576K
}
Event: 2.792 GC heap before
{Heap before GC invocations=11 (full 0):
 garbage-first heap   total 69632K, used 51171K [0x0000000704a00000, 0x0000000800000000)
  region size 2048K, 14 young (28672K), 1 survivors (2048K)
 Metaspace       used 49250K, committed 49472K, reserved 1114112K
  class space    used 6009K, committed 6080K, reserved 1048576K
}
Event: 2.799 GC heap after
{Heap after GC invocations=12 (full 0):
 garbage-first heap   total 139264K, used 28295K [0x0000000704a00000, 0x0000000800000000)
  region size 2048K, 2 young (4096K), 2 survivors (4096K)
 Metaspace       used 49250K, committed 49472K, reserved 1114112K
  class space    used 6009K, committed 6080K, reserved 1048576K
}
Event: 3.393 GC heap before
{Heap before GC invocations=12 (full 0):
 garbage-first heap   total 139264K, used 91783K [0x0000000704a00000, 0x0000000800000000)
  region size 2048K, 33 young (67584K), 2 survivors (4096K)
 Metaspace       used 52302K, committed 52544K, reserved 1114112K
  class space    used 6301K, committed 6400K, reserved 1048576K
}
Event: 3.407 GC heap after
{Heap after GC invocations=13 (full 0):
 garbage-first heap   total 139264K, used 34439K [0x0000000704a00000, 0x0000000800000000)
  region size 2048K, 5 young (10240K), 5 survivors (10240K)
 Metaspace       used 52302K, committed 52544K, reserved 1114112K
  class space    used 6301K, committed 6400K, reserved 1048576K
}
Event: 4.648 GC heap before
{Heap before GC invocations=13 (full 0):
 garbage-first heap   total 139264K, used 102023K [0x0000000704a00000, 0x0000000800000000)
  region size 2048K, 38 young (77824K), 5 survivors (10240K)
 Metaspace       used 55757K, committed 55936K, reserved 1114112K
  class space    used 6593K, committed 6656K, reserved 1048576K
}
Event: 4.670 GC heap after
{Heap after GC invocations=14 (full 0):
 garbage-first heap   total 139264K, used 44311K [0x0000000704a00000, 0x0000000800000000)
  region size 2048K, 5 young (10240K), 5 survivors (10240K)
 Metaspace       used 55757K, committed 55936K, reserved 1114112K
  class space    used 6593K, committed 6656K, reserved 1048576K
}
Event: 6.674 GC heap before
{Heap before GC invocations=14 (full 0):
 garbage-first heap   total 139264K, used 103703K [0x0000000704a00000, 0x0000000800000000)
  region size 2048K, 34 young (69632K), 5 survivors (10240K)
 Metaspace       used 59183K, committed 59456K, reserved 1114112K
  class space    used 6823K, committed 6912K, reserved 1048576K
}
Event: 6.701 GC heap after
{Heap after GC invocations=15 (full 0):
 garbage-first heap   total 139264K, used 52754K [0x0000000704a00000, 0x0000000800000000)
  region size 2048K, 4 young (8192K), 4 survivors (8192K)
 Metaspace       used 59183K, committed 59456K, reserved 1114112K
  class space    used 6823K, committed 6912K, reserved 1048576K
}
Event: 7.959 GC heap before
{Heap before GC invocations=15 (full 0):
 garbage-first heap   total 139264K, used 79378K [0x0000000704a00000, 0x0000000800000000)
  region size 2048K, 18 young (36864K), 4 survivors (8192K)
 Metaspace       used 59957K, committed 60160K, reserved 1114112K
  class space    used 6830K, committed 6912K, reserved 1048576K
}
Event: 7.975 GC heap after
{Heap after GC invocations=16 (full 0):
 garbage-first heap   total 167936K, used 53850K [0x0000000704a00000, 0x0000000800000000)
  region size 2048K, 1 young (2048K), 1 survivors (2048K)
 Metaspace       used 59957K, committed 60160K, reserved 1114112K
  class space    used 6830K, committed 6912K, reserved 1048576K
}

